#
# A fatal error has been detected by the Java Runtime Environment:
#
#  EXCEPTION_ACCESS_VIOLATION (0xc0000005) at pc=0x6d166c40, pid=9060, tid=2052
#
# JRE version: 6.0_25-b06
# Java VM: Java HotSpot(TM) Client VM (20.0-b11 mixed mode windows-x86 )
# Problematic frame:
# C  [awt.dll+0xb6c40]
#
# If you would like to submit a bug report, please visit:
#   http://java.sun.com/webapps/bugreport/crash.jsp
# The crash happened outside the Java Virtual Machine in native code.
# See problematic frame for where to report the bug.
#

---------------  T H R E A D  ---------------

Current thread (0x18b6b400):  JavaThread "AWT-Windows" daemon [_thread_in_native, id=2052, stack(0x18f20000,0x18f70000)]

siginfo: ExceptionCode=0xc0000005, reading address 0x00000000

Registers:
EAX=0x18f6f7f4, EBX=0x195a1c08, ECX=0x000001ba, EDX=0x000000c0
ESP=0x18f6f7dc, EBP=0x18f6f988, ESI=0x00000000, EDI=0x000000c0
EIP=0x6d166c40, EFLAGS=0x00010206

Top of Stack: (sp=0x18f6f7dc)
0x18f6f7dc:   18f6f7f4 00001000 00000534 194f3080
0x18f6f7ec:   00000015 00000534 194f3080 6d15ee6b
0x18f6f7fc:   00000000 19599f5c 194f3080 194f3080
0x18f6f80c:   18f6f7ec 18f6f988 000002e2 00000534
0x18f6f81c:   194f3080 6d16282f 44a68000 44388000
0x18f6f82c:   00000534 000002e2 19599f48 6d1632f1
0x18f6f83c:   6d16378d 00000000 00000000 00000534
0x18f6f84c:   00000015 00009825 18b6b528 00000001 

Instructions: (pc=0x6d166c40)
0x6d166c20:   d8 56 8b b3 10 a0 00 00 1b c0 57 25 00 f0 ff ff
0x6d166c30:   05 00 20 00 00 50 c1 e2 05 8d 44 24 14 50 8b fa
0x6d166c40:   8b 16 57 c1 e1 05 51 56 ff 52 2c 85 c0 0f 8c 93
0x6d166c50:   00 00 00 8b 53 04 8b cf 8b 7c 24 10 8b c1 c1 e9 


Register to memory mapping:

EAX=0x18f6f7f4 is pointing into the stack for thread: 0x18b6b400
EBX=0x195a1c08 is an unknown value
ECX=0x000001ba is an unknown value
EDX=0x000000c0 is an unknown value
ESP=0x18f6f7dc is pointing into the stack for thread: 0x18b6b400
EBP=0x18f6f988 is pointing into the stack for thread: 0x18b6b400
ESI=0x00000000 is an unknown value
EDI=0x000000c0 is an unknown value


Stack: [0x18f20000,0x18f70000],  sp=0x18f6f7dc,  free space=317k
Native frames: (J=compiled Java code, j=interpreted, Vv=VM code, C=native code)
C  [awt.dll+0xb6c40]  D3DVertexCacher::Render+0x50
C  [awt.dll+0x9c8ca]  Java_sun_awt_windows_WToolkit_loadSystemColors+0x94a
C  [USER32.dll+0x1fd72]  GetWindowLongW+0x4b3
C  [USER32.dll+0x1fe4a]  GetWindowLongW+0x58b
C  [USER32.dll+0x19d6a]  ReleaseDC+0x7d
C  [USER32.dll+0x19f8d]  WCSToMBEx+0xcc
C  [ntdll.dll+0x65c0e]  KiUserCallbackDispatcher+0x2e
C  [USER32.dll+0x2054d]  PeekMessageW+0xf3

Java frames: (J=compiled Java code, j=interpreted, Vv=VM code)
j  sun.awt.windows.WToolkit.eventLoop()V+0
j  sun.awt.windows.WToolkit.run()V+52
j  java.lang.Thread.run()V+11
v  ~StubRoutines::call_stub

---------------  P R O C E S S  ---------------

Java Threads: ( => current thread )
  0x02654000 JavaThread "D3D Screen Updater" daemon [_thread_blocked, id=7592, stack(0x19d60000,0x19db0000)]
  0x195b8800 JavaThread "TimerQueue" daemon [_thread_blocked, id=4544, stack(0x1c010000,0x1c060000)]
  0x18b77800 JavaThread "org.netbeans.modules.debugger.jpda.visual AWT Access Loop" daemon [_thread_blocked, id=8652, stack(0x18fc0000,0x19010000)]
  0x00e5a000 JavaThread "DestroyJavaVM" [_thread_blocked, id=7328, stack(0x00370000,0x003c0000)]
  0x18b6c400 JavaThread "AWT-EventQueue-0" [_thread_in_native, id=1404, stack(0x18f70000,0x18fc0000)]
=>0x18b6b400 JavaThread "AWT-Windows" daemon [_thread_in_native, id=2052, stack(0x18f20000,0x18f70000)]
  0x18b3a800 JavaThread "AWT-Shutdown" [_thread_blocked, id=784, stack(0x18e50000,0x18ea0000)]
  0x18b3a000 JavaThread "Java2D Disposer" daemon [_thread_blocked, id=8512, stack(0x18c50000,0x18ca0000)]
  0x0264c800 JavaThread "Low Memory Detector" daemon [_thread_blocked, id=7336, stack(0x189b0000,0x18a00000)]
  0x0263e400 JavaThread "C1 CompilerThread0" daemon [_thread_blocked, id=8736, stack(0x18960000,0x189b0000)]
  0x02630400 JavaThread "JDWP Command Reader" daemon [_thread_in_native, id=4860, stack(0x18910000,0x18960000)]
  0x0262e000 JavaThread "JDWP Event Helper Thread" daemon [_thread_blocked, id=8500, stack(0x188c0000,0x18910000)]
  0x0262c000 JavaThread "JDWP Transport Listener: dt_shmem" daemon [_thread_blocked, id=8820, stack(0x18870000,0x188c0000)]
  0x02620000 JavaThread "Attach Listener" daemon [_thread_blocked, id=5492, stack(0x18820000,0x18870000)]
  0x0261d000 JavaThread "Signal Dispatcher" daemon [_thread_blocked, id=2672, stack(0x187d0000,0x18820000)]
  0x025f0c00 JavaThread "Finalizer" daemon [_thread_blocked, id=10140, stack(0x18780000,0x187d0000)]
  0x025ec000 JavaThread "Reference Handler" daemon [_thread_blocked, id=7300, stack(0x01730000,0x01780000)]

Other Threads:
  0x025e8000 VMThread [stack: 0x00fa0000,0x00ff0000] [id=5220]
  0x0264dc00 WatcherThread [stack: 0x18a00000,0x18a50000] [id=6944]

VM state:not at safepoint (normal execution)

VM Mutex/Monitor currently owned by a thread: None

Heap
 def new generation   total 12544K, used 5752K [0x04780000, 0x05510000, 0x09cd0000)
  eden space 11200K,  49% used [0x04780000, 0x04cf5a80, 0x05270000)
  from space 1344K,  12% used [0x053c0000, 0x053e86a0, 0x05510000)
  to   space 1344K,   0% used [0x05270000, 0x05270000, 0x053c0000)
 tenured generation   total 27720K, used 18855K [0x09cd0000, 0x0b7e2000, 0x14780000)
   the space 27720K,  68% used [0x09cd0000, 0x0af39e08, 0x0af3a000, 0x0b7e2000)
 compacting perm gen  total 24832K, used 24638K [0x14780000, 0x15fc0000, 0x18780000)
   the space 24832K,  99% used [0x14780000, 0x15f8fab0, 0x15f8fc00, 0x15fc0000)
No shared spaces configured.

Code Cache  [0x02780000, 0x02b90000, 0x04780000)
 total_blobs=2566 nmethods=2348 adapters=161 free_code_cache=29303488 largest_free_block=320

Dynamic libraries:
0x00400000 - 0x00424000 	C:\Program Files\Java\jdk1.6.0_25\jre\bin\java.exe
0x77a30000 - 0x77b58000 	C:\Windows\system32\ntdll.dll
0x77b60000 - 0x77c3c000 	C:\Windows\system32\kernel32.dll
0x75de0000 - 0x75e52000 	C:\Windows\System32\SYSFER.DLL
0x76560000 - 0x76626000 	C:\Windows\system32\ADVAPI32.dll
0x77740000 - 0x77803000 	C:\Windows\system32\RPCRT4.dll
0x7c340000 - 0x7c396000 	C:\Program Files\Java\jdk1.6.0_25\jre\bin\msvcr71.dll
0x6d8a0000 - 0x6db4f000 	C:\Program Files\Java\jdk1.6.0_25\jre\bin\client\jvm.dll
0x766c0000 - 0x7675d000 	C:\Windows\system32\USER32.dll
0x77810000 - 0x7785b000 	C:\Windows\system32\GDI32.dll
0x74570000 - 0x745a2000 	C:\Windows\system32\WINMM.dll
0x76880000 - 0x7692a000 	C:\Windows\system32\msvcrt.dll
0x775f0000 - 0x77735000 	C:\Windows\system32\ole32.dll
0x77860000 - 0x778ed000 	C:\Windows\system32\OLEAUT32.dll
0x74530000 - 0x7456e000 	C:\Windows\system32\OLEACC.dll
0x778f0000 - 0x7790e000 	C:\Windows\system32\IMM32.DLL
0x77490000 - 0x77558000 	C:\Windows\system32\MSCTF.dll
0x75e60000 - 0x75e8c000 	C:\Windows\system32\apphelp.dll
0x775e0000 - 0x775e9000 	C:\Windows\system32\LPK.DLL
0x76350000 - 0x763cd000 	C:\Windows\system32\USP10.dll
0x75b60000 - 0x75d68000 	c:\progra~2\browse~1\22580~1.182\{16cdf~1\brwmngr.dll
0x76940000 - 0x77451000 	C:\Windows\system32\SHELL32.dll
0x760f0000 - 0x76149000 	C:\Windows\system32\SHLWAPI.dll
0x77460000 - 0x7748a000 	C:\Windows\system32\imagehlp.dll
0x760e0000 - 0x760e7000 	C:\Windows\system32\PSAPI.DLL
0x75f20000 - 0x75f80000 	C:\Windows\system32\WINHTTP.dll
0x75820000 - 0x759be000 	C:\Windows\WinSxS\x86_microsoft.windows.common-controls_6595b64144ccf1df_6.0.6002.18305_none_5cb72f2a088b0ed3\comctl32.dll
0x6d850000 - 0x6d85c000 	C:\Program Files\Java\jdk1.6.0_25\jre\bin\verify.dll
0x6d3d0000 - 0x6d3ef000 	C:\Program Files\Java\jdk1.6.0_25\jre\bin\java.dll
0x6d420000 - 0x6d449000 	C:\Program Files\Java\jdk1.6.0_25\jre\bin\jdwp.dll
0x6d740000 - 0x6d746000 	C:\Program Files\Java\jdk1.6.0_25\jre\bin\npt.dll
0x6d890000 - 0x6d89f000 	C:\Program Files\Java\jdk1.6.0_25\jre\bin\zip.dll
0x6d2a0000 - 0x6d2a8000 	C:\Program Files\Java\jdk1.6.0_25\jre\bin\dt_shmem.dll
0x6d0b0000 - 0x6d1fb000 	C:\Program Files\Java\jdk1.6.0_25\jre\bin\awt.dll
0x71b50000 - 0x71b92000 	C:\Windows\system32\WINSPOOL.DRV
0x6fe50000 - 0x6fe5c000 	C:\Windows\system32\DWMAPI.DLL
0x74e30000 - 0x74e6f000 	C:\Windows\system32\uxtheme.dll
0x6d2e0000 - 0x6d32f000 	C:\Program Files\Java\jdk1.6.0_25\jre\bin\fontmanager.dll
0x6d6b0000 - 0x6d6c3000 	C:\Program Files\Java\jdk1.6.0_25\jre\bin\net.dll
0x76310000 - 0x7633d000 	C:\Windows\system32\WS2_32.dll
0x76930000 - 0x76936000 	C:\Windows\system32\NSI.dll
0x75240000 - 0x7527b000 	C:\Windows\system32\mswsock.dll
0x752a0000 - 0x752a5000 	C:\Windows\System32\wship6.dll
0x6d6d0000 - 0x6d6d9000 	C:\Program Files\Java\jdk1.6.0_25\jre\bin\nio.dll
0x69230000 - 0x693ea000 	C:\Windows\system32\d3d9.dll
0x752b0000 - 0x752b8000 	C:\Windows\system32\VERSION.dll
0x6cd00000 - 0x6cd06000 	C:\Windows\system32\d3d8thk.dll
0x686d0000 - 0x68a9f000 	C:\Windows\system32\atiumdag.dll
0x5ff70000 - 0x60435000 	C:\Windows\system32\atiumdva.dll
0x74480000 - 0x7448f000 	C:\Windows\system32\NLAapi.dll
0x75500000 - 0x75519000 	C:\Windows\system32\IPHLPAPI.DLL
0x754c0000 - 0x754f5000 	C:\Windows\system32\dhcpcsvc.DLL
0x75a30000 - 0x75a5c000 	C:\Windows\system32\DNSAPI.dll
0x75f80000 - 0x75f94000 	C:\Windows\system32\Secur32.dll
0x754b0000 - 0x754b7000 	C:\Windows\system32\WINNSI.DLL
0x75480000 - 0x754a2000 	C:\Windows\system32\dhcpcsvc6.DLL
0x739e0000 - 0x739ef000 	C:\Windows\system32\napinsp.dll
0x73970000 - 0x73982000 	C:\Windows\system32\pnrpnsp.dll
0x739d0000 - 0x739d8000 	C:\Windows\System32\winrnr.dll
0x77c40000 - 0x77c89000 	C:\Windows\system32\WLDAP32.dll
0x74f70000 - 0x74f75000 	C:\Windows\System32\wshtcpip.dll
0x73a00000 - 0x73a06000 	C:\Windows\system32\rasadhlp.dll
0x76630000 - 0x766b4000 	C:\Windows\system32\CLBCatQ.DLL

VM Arguments:
jvm_args: -Xdebug -Xrunjdwp:transport=dt_shmem,address=javadebug -Dfile.encoding=UTF-8 
java_command: at.jollydays.booking.ui.MainUI
Launcher Type: SUN_STANDARD

Environment Variables:
PATH=C:\Windows\system32;C:\Windows;C:\Windows\System32\Wbem;C:\Program Files\ActivIdentity\ActivClient\;C:\Program Files\Microsoft SQL Server\80\Tools\Binn\;C:\Windows\System32\WindowsPowerShell\v1.0\;C:\Program Files\TortoiseSVN\bin
USERNAME=rpadmin
OS=Windows_NT
PROCESSOR_IDENTIFIER=x86 Family 6 Model 23 Stepping 10, GenuineIntel



---------------  S Y S T E M  ---------------

OS: Windows Vista Build 6002 Service Pack 2

CPU:total 2 (2 cores per cpu, 1 threads per core) family 6 model 23 stepping 10, cmov, cx8, fxsr, mmx, sse, sse2, sse3, ssse3, sse4.1

Memory: 4k page, physical 3125828k(892764k free), swap 6461592k(2817660k free)

vm_info: Java HotSpot(TM) Client VM (20.0-b11) for windows-x86 JRE (1.6.0_25-b06), built on Apr 14 2011 01:04:32 by "java_re" with MS VC++ 7.1 (VS2003)

time: Tue Oct 16 14:13:01 2012
elapsed time: 4055 seconds

